2015-04-28T13:56:45+00:00 ERR (3): 
exception 'Mage_Core_Exception' with message 'Invalid block type: Magentothem_Relatedslider_Block_Page_Html_Head' in /Applications/mampstack-5.4.38-0/apache2/htdocs/ma_cygnus/app/Mage.php:595
Stack trace:
#0 /Applications/mampstack-5.4.38-0/apache2/htdocs/ma_cygnus/app/code/core/Mage/Core/Model/Layout.php(495): Mage::throwException('Invalid block t...')
#1 /Applications/mampstack-5.4.38-0/apache2/htdocs/ma_cygnus/app/code/core/Mage/Core/Model/Layout.php(437): Mage_Core_Model_Layout->_getBlockInstance('relatedslider/p...', Array)
#2 /Applications/mampstack-5.4.38-0/apache2/htdocs/ma_cygnus/app/code/core/Mage/Core/Model/Layout.php(472): Mage_Core_Model_Layout->createBlock('relatedslider/p...', 'magentothem_rel...')
#3 /Applications/mampstack-5.4.38-0/apache2/htdocs/ma_cygnus/app/code/core/Mage/Core/Model/Layout.php(239): Mage_Core_Model_Layout->addBlock('relatedslider/p...', 'magentothem_rel...')
#4 /Applications/mampstack-5.4.38-0/apache2/htdocs/ma_cygnus/app/code/core/Mage/Core/Model/Layout.php(205): Mage_Core_Model_Layout->_generateBlock(Object(Mage_Core_Model_Layout_Element), Object(Mage_Core_Model_Layout_Element))
#5 /Applications/mampstack-5.4.38-0/apache2/htdocs/ma_cygnus/app/code/core/Mage/Core/Model/Layout.php(210): Mage_Core_Model_Layout->generateBlocks(Object(Mage_Core_Model_Layout_Element))
#6 /Applications/mampstack-5.4.38-0/apache2/htdocs/ma_cygnus/app/code/core/Mage/Core/Controller/Varien/Action.php(344): Mage_Core_Model_Layout->generateBlocks()
#7 /Applications/mampstack-5.4.38-0/apache2/htdocs/ma_cygnus/app/code/core/Mage/Cms/Helper/Page.php(113): Mage_Core_Controller_Varien_Action->generateLayoutBlocks()
#8 /Applications/mampstack-5.4.38-0/apache2/htdocs/ma_cygnus/app/code/core/Mage/Cms/Helper/Page.php(52): Mage_Cms_Helper_Page->_renderPage(Object(Mage_Cms_IndexController), 'home')
#9 /Applications/mampstack-5.4.38-0/apache2/htdocs/ma_cygnus/app/code/core/Mage/Cms/controllers/IndexController.php(45): Mage_Cms_Helper_Page->renderPage(Object(Mage_Cms_IndexController), 'home')
#10 /Applications/mampstack-5.4.38-0/apache2/htdocs/ma_cygnus/app/code/core/Mage/Core/Controller/Varien/Action.php(418): Mage_Cms_IndexController->indexAction()
#11 /Applications/mampstack-5.4.38-0/apache2/htdocs/ma_cygnus/app/code/core/Mage/Core/Controller/Varien/Router/Standard.php(250): Mage_Core_Controller_Varien_Action->dispatch('index')
#12 /Applications/mampstack-5.4.38-0/apache2/htdocs/ma_cygnus/app/code/core/Mage/Core/Controller/Varien/Front.php(172): Mage_Core_Controller_Varien_Router_Standard->match(Object(Mage_Core_Controller_Request_Http))
#13 /Applications/mampstack-5.4.38-0/apache2/htdocs/ma_cygnus/app/code/core/Mage/Core/Model/App.php(354): Mage_Core_Controller_Varien_Front->dispatch()
#14 /Applications/mampstack-5.4.38-0/apache2/htdocs/ma_cygnus/app/Mage.php(684): Mage_Core_Model_App->run(Array)
#15 /Applications/mampstack-5.4.38-0/apache2/htdocs/ma_cygnus/index.php(87): Mage::run('', 'store')
#16 {main}
2015-04-28T13:56:48+00:00 ERR (3): 
exception 'Mage_Core_Exception' with message 'Invalid block type: Magentothem_Relatedslider_Block_Page_Html_Head' in /Applications/mampstack-5.4.38-0/apache2/htdocs/ma_cygnus/app/Mage.php:595
Stack trace:
#0 /Applications/mampstack-5.4.38-0/apache2/htdocs/ma_cygnus/app/code/core/Mage/Core/Model/Layout.php(495): Mage::throwException('Invalid block t...')
#1 /Applications/mampstack-5.4.38-0/apache2/htdocs/ma_cygnus/app/code/core/Mage/Core/Model/Layout.php(437): Mage_Core_Model_Layout->_getBlockInstance('relatedslider/p...', Array)
#2 /Applications/mampstack-5.4.38-0/apache2/htdocs/ma_cygnus/app/code/core/Mage/Core/Model/Layout.php(472): Mage_Core_Model_Layout->createBlock('relatedslider/p...', 'magentothem_rel...')
#3 /Applications/mampstack-5.4.38-0/apache2/htdocs/ma_cygnus/app/code/core/Mage/Core/Model/Layout.php(239): Mage_Core_Model_Layout->addBlock('relatedslider/p...', 'magentothem_rel...')
#4 /Applications/mampstack-5.4.38-0/apache2/htdocs/ma_cygnus/app/code/core/Mage/Core/Model/Layout.php(205): Mage_Core_Model_Layout->_generateBlock(Object(Mage_Core_Model_Layout_Element), Object(Mage_Core_Model_Layout_Element))
#5 /Applications/mampstack-5.4.38-0/apache2/htdocs/ma_cygnus/app/code/core/Mage/Core/Model/Layout.php(210): Mage_Core_Model_Layout->generateBlocks(Object(Mage_Core_Model_Layout_Element))
#6 /Applications/mampstack-5.4.38-0/apache2/htdocs/ma_cygnus/app/code/core/Mage/Core/Controller/Varien/Action.php(344): Mage_Core_Model_Layout->generateBlocks()
#7 /Applications/mampstack-5.4.38-0/apache2/htdocs/ma_cygnus/app/code/core/Mage/Cms/Helper/Page.php(113): Mage_Core_Controller_Varien_Action->generateLayoutBlocks()
#8 /Applications/mampstack-5.4.38-0/apache2/htdocs/ma_cygnus/app/code/core/Mage/Cms/Helper/Page.php(52): Mage_Cms_Helper_Page->_renderPage(Object(Mage_Cms_IndexController), 'no-route')
#9 /Applications/mampstack-5.4.38-0/apache2/htdocs/ma_cygnus/app/code/core/Mage/Cms/controllers/IndexController.php(75): Mage_Cms_Helper_Page->renderPage(Object(Mage_Cms_IndexController), 'no-route')
#10 /Applications/mampstack-5.4.38-0/apache2/htdocs/ma_cygnus/app/code/core/Mage/Core/Controller/Varien/Action.php(418): Mage_Cms_IndexController->noRouteAction()
#11 /Applications/mampstack-5.4.38-0/apache2/htdocs/ma_cygnus/app/code/core/Mage/Core/Controller/Varien/Router/Standard.php(250): Mage_Core_Controller_Varien_Action->dispatch('noRoute')
#12 /Applications/mampstack-5.4.38-0/apache2/htdocs/ma_cygnus/app/code/core/Mage/Core/Controller/Varien/Front.php(172): Mage_Core_Controller_Varien_Router_Standard->match(Object(Mage_Core_Controller_Request_Http))
#13 /Applications/mampstack-5.4.38-0/apache2/htdocs/ma_cygnus/app/code/core/Mage/Core/Model/App.php(354): Mage_Core_Controller_Varien_Front->dispatch()
#14 /Applications/mampstack-5.4.38-0/apache2/htdocs/ma_cygnus/app/Mage.php(684): Mage_Core_Model_App->run(Array)
#15 /Applications/mampstack-5.4.38-0/apache2/htdocs/ma_cygnus/index.php(87): Mage::run('', 'store')
#16 {main}
2015-04-28T13:56:48+00:00 ERR (3): 
exception 'Mage_Core_Exception' with message 'Invalid block type: Magentothem_Relatedslider_Block_Page_Html_Head' in /Applications/mampstack-5.4.38-0/apache2/htdocs/ma_cygnus/app/Mage.php:595
Stack trace:
#0 /Applications/mampstack-5.4.38-0/apache2/htdocs/ma_cygnus/app/code/core/Mage/Core/Model/Layout.php(495): Mage::throwException('Invalid block t...')
#1 /Applications/mampstack-5.4.38-0/apache2/htdocs/ma_cygnus/app/code/core/Mage/Core/Model/Layout.php(437): Mage_Core_Model_Layout->_getBlockInstance('relatedslider/p...', Array)
#2 /Applications/mampstack-5.4.38-0/apache2/htdocs/ma_cygnus/app/code/core/Mage/Core/Model/Layout.php(472): Mage_Core_Model_Layout->createBlock('relatedslider/p...', 'magentothem_rel...')
#3 /Applications/mampstack-5.4.38-0/apache2/htdocs/ma_cygnus/app/code/core/Mage/Core/Model/Layout.php(239): Mage_Core_Model_Layout->addBlock('relatedslider/p...', 'magentothem_rel...')
#4 /Applications/mampstack-5.4.38-0/apache2/htdocs/ma_cygnus/app/code/core/Mage/Core/Model/Layout.php(205): Mage_Core_Model_Layout->_generateBlock(Object(Mage_Core_Model_Layout_Element), Object(Mage_Core_Model_Layout_Element))
#5 /Applications/mampstack-5.4.38-0/apache2/htdocs/ma_cygnus/app/code/core/Mage/Core/Model/Layout.php(210): Mage_Core_Model_Layout->generateBlocks(Object(Mage_Core_Model_Layout_Element))
#6 /Applications/mampstack-5.4.38-0/apache2/htdocs/ma_cygnus/app/code/core/Mage/Core/Controller/Varien/Action.php(344): Mage_Core_Model_Layout->generateBlocks()
#7 /Applications/mampstack-5.4.38-0/apache2/htdocs/ma_cygnus/app/code/core/Mage/Cms/Helper/Page.php(113): Mage_Core_Controller_Varien_Action->generateLayoutBlocks()
#8 /Applications/mampstack-5.4.38-0/apache2/htdocs/ma_cygnus/app/code/core/Mage/Cms/Helper/Page.php(52): Mage_Cms_Helper_Page->_renderPage(Object(Mage_Cms_IndexController), 'no-route')
#9 /Applications/mampstack-5.4.38-0/apache2/htdocs/ma_cygnus/app/code/core/Mage/Cms/controllers/IndexController.php(75): Mage_Cms_Helper_Page->renderPage(Object(Mage_Cms_IndexController), 'no-route')
#10 /Applications/mampstack-5.4.38-0/apache2/htdocs/ma_cygnus/app/code/core/Mage/Core/Controller/Varien/Action.php(418): Mage_Cms_IndexController->noRouteAction()
#11 /Applications/mampstack-5.4.38-0/apache2/htdocs/ma_cygnus/app/code/core/Mage/Core/Controller/Varien/Router/Standard.php(250): Mage_Core_Controller_Varien_Action->dispatch('noRoute')
#12 /Applications/mampstack-5.4.38-0/apache2/htdocs/ma_cygnus/app/code/core/Mage/Core/Controller/Varien/Front.php(172): Mage_Core_Controller_Varien_Router_Standard->match(Object(Mage_Core_Controller_Request_Http))
#13 /Applications/mampstack-5.4.38-0/apache2/htdocs/ma_cygnus/app/code/core/Mage/Core/Model/App.php(354): Mage_Core_Controller_Varien_Front->dispatch()
#14 /Applications/mampstack-5.4.38-0/apache2/htdocs/ma_cygnus/app/Mage.php(684): Mage_Core_Model_App->run(Array)
#15 /Applications/mampstack-5.4.38-0/apache2/htdocs/ma_cygnus/index.php(87): Mage::run('', 'store')
#16 {main}
2015-04-28T13:56:58+00:00 ERR (3): 
exception 'Mage_Core_Exception' with message 'Invalid block type: Magentothem_Relatedslider_Block_Page_Html_Head' in /Applications/mampstack-5.4.38-0/apache2/htdocs/ma_cygnus/app/Mage.php:595
Stack trace:
#0 /Applications/mampstack-5.4.38-0/apache2/htdocs/ma_cygnus/app/code/core/Mage/Core/Model/Layout.php(495): Mage::throwException('Invalid block t...')
#1 /Applications/mampstack-5.4.38-0/apache2/htdocs/ma_cygnus/app/code/core/Mage/Core/Model/Layout.php(437): Mage_Core_Model_Layout->_getBlockInstance('relatedslider/p...', Array)
#2 /Applications/mampstack-5.4.38-0/apache2/htdocs/ma_cygnus/app/code/core/Mage/Core/Model/Layout.php(472): Mage_Core_Model_Layout->createBlock('relatedslider/p...', 'magentothem_rel...')
#3 /Applications/mampstack-5.4.38-0/apache2/htdocs/ma_cygnus/app/code/core/Mage/Core/Model/Layout.php(239): Mage_Core_Model_Layout->addBlock('relatedslider/p...', 'magentothem_rel...')
#4 /Applications/mampstack-5.4.38-0/apache2/htdocs/ma_cygnus/app/code/core/Mage/Core/Model/Layout.php(205): Mage_Core_Model_Layout->_generateBlock(Object(Mage_Core_Model_Layout_Element), Object(Mage_Core_Model_Layout_Element))
#5 /Applications/mampstack-5.4.38-0/apache2/htdocs/ma_cygnus/app/code/core/Mage/Core/Model/Layout.php(210): Mage_Core_Model_Layout->generateBlocks(Object(Mage_Core_Model_Layout_Element))
#6 /Applications/mampstack-5.4.38-0/apache2/htdocs/ma_cygnus/app/code/core/Mage/Core/Controller/Varien/Action.php(344): Mage_Core_Model_Layout->generateBlocks()
#7 /Applications/mampstack-5.4.38-0/apache2/htdocs/ma_cygnus/app/code/core/Mage/Cms/Helper/Page.php(113): Mage_Core_Controller_Varien_Action->generateLayoutBlocks()
#8 /Applications/mampstack-5.4.38-0/apache2/htdocs/ma_cygnus/app/code/core/Mage/Cms/Helper/Page.php(52): Mage_Cms_Helper_Page->_renderPage(Object(Mage_Cms_IndexController), 'home')
#9 /Applications/mampstack-5.4.38-0/apache2/htdocs/ma_cygnus/app/code/core/Mage/Cms/controllers/IndexController.php(45): Mage_Cms_Helper_Page->renderPage(Object(Mage_Cms_IndexController), 'home')
#10 /Applications/mampstack-5.4.38-0/apache2/htdocs/ma_cygnus/app/code/core/Mage/Core/Controller/Varien/Action.php(418): Mage_Cms_IndexController->indexAction()
#11 /Applications/mampstack-5.4.38-0/apache2/htdocs/ma_cygnus/app/code/core/Mage/Core/Controller/Varien/Router/Standard.php(250): Mage_Core_Controller_Varien_Action->dispatch('index')
#12 /Applications/mampstack-5.4.38-0/apache2/htdocs/ma_cygnus/app/code/core/Mage/Core/Controller/Varien/Front.php(172): Mage_Core_Controller_Varien_Router_Standard->match(Object(Mage_Core_Controller_Request_Http))
#13 /Applications/mampstack-5.4.38-0/apache2/htdocs/ma_cygnus/app/code/core/Mage/Core/Model/App.php(354): Mage_Core_Controller_Varien_Front->dispatch()
#14 /Applications/mampstack-5.4.38-0/apache2/htdocs/ma_cygnus/app/Mage.php(684): Mage_Core_Model_App->run(Array)
#15 /Applications/mampstack-5.4.38-0/apache2/htdocs/ma_cygnus/index.php(87): Mage::run('', 'store')
#16 {main}
2015-04-28T13:57:00+00:00 ERR (3): 
exception 'Mage_Core_Exception' with message 'Invalid block type: Magentothem_Relatedslider_Block_Page_Html_Head' in /Applications/mampstack-5.4.38-0/apache2/htdocs/ma_cygnus/app/Mage.php:595
Stack trace:
#0 /Applications/mampstack-5.4.38-0/apache2/htdocs/ma_cygnus/app/code/core/Mage/Core/Model/Layout.php(495): Mage::throwException('Invalid block t...')
#1 /Applications/mampstack-5.4.38-0/apache2/htdocs/ma_cygnus/app/code/core/Mage/Core/Model/Layout.php(437): Mage_Core_Model_Layout->_getBlockInstance('relatedslider/p...', Array)
#2 /Applications/mampstack-5.4.38-0/apache2/htdocs/ma_cygnus/app/code/core/Mage/Core/Model/Layout.php(472): Mage_Core_Model_Layout->createBlock('relatedslider/p...', 'magentothem_rel...')
#3 /Applications/mampstack-5.4.38-0/apache2/htdocs/ma_cygnus/app/code/core/Mage/Core/Model/Layout.php(239): Mage_Core_Model_Layout->addBlock('relatedslider/p...', 'magentothem_rel...')
#4 /Applications/mampstack-5.4.38-0/apache2/htdocs/ma_cygnus/app/code/core/Mage/Core/Model/Layout.php(205): Mage_Core_Model_Layout->_generateBlock(Object(Mage_Core_Model_Layout_Element), Object(Mage_Core_Model_Layout_Element))
#5 /Applications/mampstack-5.4.38-0/apache2/htdocs/ma_cygnus/app/code/core/Mage/Core/Model/Layout.php(210): Mage_Core_Model_Layout->generateBlocks(Object(Mage_Core_Model_Layout_Element))
#6 /Applications/mampstack-5.4.38-0/apache2/htdocs/ma_cygnus/app/code/core/Mage/Core/Controller/Varien/Action.php(344): Mage_Core_Model_Layout->generateBlocks()
#7 /Applications/mampstack-5.4.38-0/apache2/htdocs/ma_cygnus/app/code/core/Mage/Cms/Helper/Page.php(113): Mage_Core_Controller_Varien_Action->generateLayoutBlocks()
#8 /Applications/mampstack-5.4.38-0/apache2/htdocs/ma_cygnus/app/code/core/Mage/Cms/Helper/Page.php(52): Mage_Cms_Helper_Page->_renderPage(Object(Mage_Cms_IndexController), 'no-route')
#9 /Applications/mampstack-5.4.38-0/apache2/htdocs/ma_cygnus/app/code/core/Mage/Cms/controllers/IndexController.php(75): Mage_Cms_Helper_Page->renderPage(Object(Mage_Cms_IndexController), 'no-route')
#10 /Applications/mampstack-5.4.38-0/apache2/htdocs/ma_cygnus/app/code/core/Mage/Core/Controller/Varien/Action.php(418): Mage_Cms_IndexController->noRouteAction()
#11 /Applications/mampstack-5.4.38-0/apache2/htdocs/ma_cygnus/app/code/core/Mage/Core/Controller/Varien/Router/Standard.php(250): Mage_Core_Controller_Varien_Action->dispatch('noRoute')
#12 /Applications/mampstack-5.4.38-0/apache2/htdocs/ma_cygnus/app/code/core/Mage/Core/Controller/Varien/Front.php(172): Mage_Core_Controller_Varien_Router_Standard->match(Object(Mage_Core_Controller_Request_Http))
#13 /Applications/mampstack-5.4.38-0/apache2/htdocs/ma_cygnus/app/code/core/Mage/Core/Model/App.php(354): Mage_Core_Controller_Varien_Front->dispatch()
#14 /Applications/mampstack-5.4.38-0/apache2/htdocs/ma_cygnus/app/Mage.php(684): Mage_Core_Model_App->run(Array)
#15 /Applications/mampstack-5.4.38-0/apache2/htdocs/ma_cygnus/index.php(87): Mage::run('', 'store')
#16 {main}
2015-04-28T13:57:03+00:00 ERR (3): 
exception 'Mage_Core_Exception' with message 'Invalid block type: Magentothem_Relatedslider_Block_Page_Html_Head' in /Applications/mampstack-5.4.38-0/apache2/htdocs/ma_cygnus/app/Mage.php:595
Stack trace:
#0 /Applications/mampstack-5.4.38-0/apache2/htdocs/ma_cygnus/app/code/core/Mage/Core/Model/Layout.php(495): Mage::throwException('Invalid block t...')
#1 /Applications/mampstack-5.4.38-0/apache2/htdocs/ma_cygnus/app/code/core/Mage/Core/Model/Layout.php(437): Mage_Core_Model_Layout->_getBlockInstance('relatedslider/p...', Array)
#2 /Applications/mampstack-5.4.38-0/apache2/htdocs/ma_cygnus/app/code/core/Mage/Core/Model/Layout.php(472): Mage_Core_Model_Layout->createBlock('relatedslider/p...', 'magentothem_rel...')
#3 /Applications/mampstack-5.4.38-0/apache2/htdocs/ma_cygnus/app/code/core/Mage/Core/Model/Layout.php(239): Mage_Core_Model_Layout->addBlock('relatedslider/p...', 'magentothem_rel...')
#4 /Applications/mampstack-5.4.38-0/apache2/htdocs/ma_cygnus/app/code/core/Mage/Core/Model/Layout.php(205): Mage_Core_Model_Layout->_generateBlock(Object(Mage_Core_Model_Layout_Element), Object(Mage_Core_Model_Layout_Element))
#5 /Applications/mampstack-5.4.38-0/apache2/htdocs/ma_cygnus/app/code/core/Mage/Core/Model/Layout.php(210): Mage_Core_Model_Layout->generateBlocks(Object(Mage_Core_Model_Layout_Element))
#6 /Applications/mampstack-5.4.38-0/apache2/htdocs/ma_cygnus/app/code/core/Mage/Core/Controller/Varien/Action.php(344): Mage_Core_Model_Layout->generateBlocks()
#7 /Applications/mampstack-5.4.38-0/apache2/htdocs/ma_cygnus/app/code/core/Mage/Cms/Helper/Page.php(113): Mage_Core_Controller_Varien_Action->generateLayoutBlocks()
#8 /Applications/mampstack-5.4.38-0/apache2/htdocs/ma_cygnus/app/code/core/Mage/Cms/Helper/Page.php(52): Mage_Cms_Helper_Page->_renderPage(Object(Mage_Cms_IndexController), 'home')
#9 /Applications/mampstack-5.4.38-0/apache2/htdocs/ma_cygnus/app/code/core/Mage/Cms/controllers/IndexController.php(45): Mage_Cms_Helper_Page->renderPage(Object(Mage_Cms_IndexController), 'home')
#10 /Applications/mampstack-5.4.38-0/apache2/htdocs/ma_cygnus/app/code/core/Mage/Core/Controller/Varien/Action.php(418): Mage_Cms_IndexController->indexAction()
#11 /Applications/mampstack-5.4.38-0/apache2/htdocs/ma_cygnus/app/code/core/Mage/Core/Controller/Varien/Router/Standard.php(250): Mage_Core_Controller_Varien_Action->dispatch('index')
#12 /Applications/mampstack-5.4.38-0/apache2/htdocs/ma_cygnus/app/code/core/Mage/Core/Controller/Varien/Front.php(172): Mage_Core_Controller_Varien_Router_Standard->match(Object(Mage_Core_Controller_Request_Http))
#13 /Applications/mampstack-5.4.38-0/apache2/htdocs/ma_cygnus/app/code/core/Mage/Core/Model/App.php(354): Mage_Core_Controller_Varien_Front->dispatch()
#14 /Applications/mampstack-5.4.38-0/apache2/htdocs/ma_cygnus/app/Mage.php(684): Mage_Core_Model_App->run(Array)
#15 /Applications/mampstack-5.4.38-0/apache2/htdocs/ma_cygnus/index.php(87): Mage::run('', 'store')
#16 {main}
2015-04-28T13:57:04+00:00 ERR (3): 
exception 'Mage_Core_Exception' with message 'Invalid block type: Magentothem_Relatedslider_Block_Page_Html_Head' in /Applications/mampstack-5.4.38-0/apache2/htdocs/ma_cygnus/app/Mage.php:595
Stack trace:
#0 /Applications/mampstack-5.4.38-0/apache2/htdocs/ma_cygnus/app/code/core/Mage/Core/Model/Layout.php(495): Mage::throwException('Invalid block t...')
#1 /Applications/mampstack-5.4.38-0/apache2/htdocs/ma_cygnus/app/code/core/Mage/Core/Model/Layout.php(437): Mage_Core_Model_Layout->_getBlockInstance('relatedslider/p...', Array)
#2 /Applications/mampstack-5.4.38-0/apache2/htdocs/ma_cygnus/app/code/core/Mage/Core/Model/Layout.php(472): Mage_Core_Model_Layout->createBlock('relatedslider/p...', 'magentothem_rel...')
#3 /Applications/mampstack-5.4.38-0/apache2/htdocs/ma_cygnus/app/code/core/Mage/Core/Model/Layout.php(239): Mage_Core_Model_Layout->addBlock('relatedslider/p...', 'magentothem_rel...')
#4 /Applications/mampstack-5.4.38-0/apache2/htdocs/ma_cygnus/app/code/core/Mage/Core/Model/Layout.php(205): Mage_Core_Model_Layout->_generateBlock(Object(Mage_Core_Model_Layout_Element), Object(Mage_Core_Model_Layout_Element))
#5 /Applications/mampstack-5.4.38-0/apache2/htdocs/ma_cygnus/app/code/core/Mage/Core/Model/Layout.php(210): Mage_Core_Model_Layout->generateBlocks(Object(Mage_Core_Model_Layout_Element))
#6 /Applications/mampstack-5.4.38-0/apache2/htdocs/ma_cygnus/app/code/core/Mage/Core/Controller/Varien/Action.php(344): Mage_Core_Model_Layout->generateBlocks()
#7 /Applications/mampstack-5.4.38-0/apache2/htdocs/ma_cygnus/app/code/core/Mage/Cms/Helper/Page.php(113): Mage_Core_Controller_Varien_Action->generateLayoutBlocks()
#8 /Applications/mampstack-5.4.38-0/apache2/htdocs/ma_cygnus/app/code/core/Mage/Cms/Helper/Page.php(52): Mage_Cms_Helper_Page->_renderPage(Object(Mage_Cms_IndexController), 'no-route')
#9 /Applications/mampstack-5.4.38-0/apache2/htdocs/ma_cygnus/app/code/core/Mage/Cms/controllers/IndexController.php(75): Mage_Cms_Helper_Page->renderPage(Object(Mage_Cms_IndexController), 'no-route')
#10 /Applications/mampstack-5.4.38-0/apache2/htdocs/ma_cygnus/app/code/core/Mage/Core/Controller/Varien/Action.php(418): Mage_Cms_IndexController->noRouteAction()
#11 /Applications/mampstack-5.4.38-0/apache2/htdocs/ma_cygnus/app/code/core/Mage/Core/Controller/Varien/Router/Standard.php(250): Mage_Core_Controller_Varien_Action->dispatch('noRoute')
#12 /Applications/mampstack-5.4.38-0/apache2/htdocs/ma_cygnus/app/code/core/Mage/Core/Controller/Varien/Front.php(172): Mage_Core_Controller_Varien_Router_Standard->match(Object(Mage_Core_Controller_Request_Http))
#13 /Applications/mampstack-5.4.38-0/apache2/htdocs/ma_cygnus/app/code/core/Mage/Core/Model/App.php(354): Mage_Core_Controller_Varien_Front->dispatch()
#14 /Applications/mampstack-5.4.38-0/apache2/htdocs/ma_cygnus/app/Mage.php(684): Mage_Core_Model_App->run(Array)
#15 /Applications/mampstack-5.4.38-0/apache2/htdocs/ma_cygnus/index.php(87): Mage::run('', 'store')
#16 {main}
2015-04-28T13:57:22+00:00 ERR (3): 
exception 'Mage_Core_Exception' with message 'Invalid block type: Magentothem_Relatedslider_Block_Page_Html_Head' in /Applications/mampstack-5.4.38-0/apache2/htdocs/ma_cygnus/app/Mage.php:595
Stack trace:
#0 /Applications/mampstack-5.4.38-0/apache2/htdocs/ma_cygnus/app/code/core/Mage/Core/Model/Layout.php(495): Mage::throwException('Invalid block t...')
#1 /Applications/mampstack-5.4.38-0/apache2/htdocs/ma_cygnus/app/code/core/Mage/Core/Model/Layout.php(437): Mage_Core_Model_Layout->_getBlockInstance('relatedslider/p...', Array)
#2 /Applications/mampstack-5.4.38-0/apache2/htdocs/ma_cygnus/app/code/core/Mage/Core/Model/Layout.php(472): Mage_Core_Model_Layout->createBlock('relatedslider/p...', 'magentothem_rel...')
#3 /Applications/mampstack-5.4.38-0/apache2/htdocs/ma_cygnus/app/code/core/Mage/Core/Model/Layout.php(239): Mage_Core_Model_Layout->addBlock('relatedslider/p...', 'magentothem_rel...')
#4 /Applications/mampstack-5.4.38-0/apache2/htdocs/ma_cygnus/app/code/core/Mage/Core/Model/Layout.php(205): Mage_Core_Model_Layout->_generateBlock(Object(Mage_Core_Model_Layout_Element), Object(Mage_Core_Model_Layout_Element))
#5 /Applications/mampstack-5.4.38-0/apache2/htdocs/ma_cygnus/app/code/core/Mage/Core/Model/Layout.php(210): Mage_Core_Model_Layout->generateBlocks(Object(Mage_Core_Model_Layout_Element))
#6 /Applications/mampstack-5.4.38-0/apache2/htdocs/ma_cygnus/app/code/core/Mage/Core/Controller/Varien/Action.php(344): Mage_Core_Model_Layout->generateBlocks()
#7 /Applications/mampstack-5.4.38-0/apache2/htdocs/ma_cygnus/app/code/core/Mage/Catalog/Helper/Product/View.php(73): Mage_Core_Controller_Varien_Action->generateLayoutBlocks()
#8 /Applications/mampstack-5.4.38-0/apache2/htdocs/ma_cygnus/app/code/core/Mage/Catalog/Helper/Product/View.php(144): Mage_Catalog_Helper_Product_View->initProductLayout(Object(Mage_Catalog_Model_Product), Object(Mage_Catalog_ProductController))
#9 /Applications/mampstack-5.4.38-0/apache2/htdocs/ma_cygnus/app/code/core/Mage/Catalog/controllers/ProductController.php(132): Mage_Catalog_Helper_Product_View->prepareAndRender(1, Object(Mage_Catalog_ProductController), Object(Varien_Object))
#10 /Applications/mampstack-5.4.38-0/apache2/htdocs/ma_cygnus/app/code/core/Mage/Core/Controller/Varien/Action.php(418): Mage_Catalog_ProductController->viewAction()
#11 /Applications/mampstack-5.4.38-0/apache2/htdocs/ma_cygnus/app/code/core/Mage/Core/Controller/Varien/Router/Standard.php(250): Mage_Core_Controller_Varien_Action->dispatch('view')
#12 /Applications/mampstack-5.4.38-0/apache2/htdocs/ma_cygnus/app/code/core/Mage/Core/Controller/Varien/Front.php(172): Mage_Core_Controller_Varien_Router_Standard->match(Object(Mage_Core_Controller_Request_Http))
#13 /Applications/mampstack-5.4.38-0/apache2/htdocs/ma_cygnus/app/code/core/Mage/Core/Model/App.php(354): Mage_Core_Controller_Varien_Front->dispatch()
#14 /Applications/mampstack-5.4.38-0/apache2/htdocs/ma_cygnus/app/Mage.php(684): Mage_Core_Model_App->run(Array)
#15 /Applications/mampstack-5.4.38-0/apache2/htdocs/ma_cygnus/index.php(87): Mage::run('', 'store')
#16 {main}
2015-04-28T13:57:35+00:00 ERR (3): 
exception 'Mage_Core_Exception' with message 'Invalid block type: Magentothem_Relatedslider_Block_Page_Html_Head' in /Applications/mampstack-5.4.38-0/apache2/htdocs/ma_cygnus/app/Mage.php:595
Stack trace:
#0 /Applications/mampstack-5.4.38-0/apache2/htdocs/ma_cygnus/app/code/core/Mage/Core/Model/Layout.php(495): Mage::throwException('Invalid block t...')
#1 /Applications/mampstack-5.4.38-0/apache2/htdocs/ma_cygnus/app/code/core/Mage/Core/Model/Layout.php(437): Mage_Core_Model_Layout->_getBlockInstance('relatedslider/p...', Array)
#2 /Applications/mampstack-5.4.38-0/apache2/htdocs/ma_cygnus/app/code/core/Mage/Core/Model/Layout.php(472): Mage_Core_Model_Layout->createBlock('relatedslider/p...', 'magentothem_rel...')
#3 /Applications/mampstack-5.4.38-0/apache2/htdocs/ma_cygnus/app/code/core/Mage/Core/Model/Layout.php(239): Mage_Core_Model_Layout->addBlock('relatedslider/p...', 'magentothem_rel...')
#4 /Applications/mampstack-5.4.38-0/apache2/htdocs/ma_cygnus/app/code/core/Mage/Core/Model/Layout.php(205): Mage_Core_Model_Layout->_generateBlock(Object(Mage_Core_Model_Layout_Element), Object(Mage_Core_Model_Layout_Element))
#5 /Applications/mampstack-5.4.38-0/apache2/htdocs/ma_cygnus/app/code/core/Mage/Core/Model/Layout.php(210): Mage_Core_Model_Layout->generateBlocks(Object(Mage_Core_Model_Layout_Element))
#6 /Applications/mampstack-5.4.38-0/apache2/htdocs/ma_cygnus/app/code/core/Mage/Core/Controller/Varien/Action.php(344): Mage_Core_Model_Layout->generateBlocks()
#7 /Applications/mampstack-5.4.38-0/apache2/htdocs/ma_cygnus/app/code/core/Mage/Core/Controller/Varien/Action.php(269): Mage_Core_Controller_Varien_Action->generateLayoutBlocks()
#8 /Applications/mampstack-5.4.38-0/apache2/htdocs/ma_cygnus/app/code/local/Magentothem/Ajaxcartsuper/controllers/AjaxcartController.php(63): Mage_Core_Controller_Varien_Action->loadLayout()
#9 /Applications/mampstack-5.4.38-0/apache2/htdocs/ma_cygnus/app/code/core/Mage/Core/Controller/Varien/Action.php(418): Magentothem_Ajaxcartsuper_AjaxcartController->addAction()
#10 /Applications/mampstack-5.4.38-0/apache2/htdocs/ma_cygnus/app/code/core/Mage/Core/Controller/Varien/Router/Standard.php(250): Mage_Core_Controller_Varien_Action->dispatch('add')
#11 /Applications/mampstack-5.4.38-0/apache2/htdocs/ma_cygnus/app/code/core/Mage/Core/Controller/Varien/Front.php(172): Mage_Core_Controller_Varien_Router_Standard->match(Object(Mage_Core_Controller_Request_Http))
#12 /Applications/mampstack-5.4.38-0/apache2/htdocs/ma_cygnus/app/code/core/Mage/Core/Model/App.php(354): Mage_Core_Controller_Varien_Front->dispatch()
#13 /Applications/mampstack-5.4.38-0/apache2/htdocs/ma_cygnus/app/Mage.php(684): Mage_Core_Model_App->run(Array)
#14 /Applications/mampstack-5.4.38-0/apache2/htdocs/ma_cygnus/index.php(87): Mage::run('', 'store')
#15 {main}
2015-04-28T13:57:40+00:00 ERR (3): 
exception 'Mage_Core_Exception' with message 'Invalid block type: Magentothem_Relatedslider_Block_Page_Html_Head' in /Applications/mampstack-5.4.38-0/apache2/htdocs/ma_cygnus/app/Mage.php:595
Stack trace:
#0 /Applications/mampstack-5.4.38-0/apache2/htdocs/ma_cygnus/app/code/core/Mage/Core/Model/Layout.php(495): Mage::throwException('Invalid block t...')
#1 /Applications/mampstack-5.4.38-0/apache2/htdocs/ma_cygnus/app/code/core/Mage/Core/Model/Layout.php(437): Mage_Core_Model_Layout->_getBlockInstance('relatedslider/p...', Array)
#2 /Applications/mampstack-5.4.38-0/apache2/htdocs/ma_cygnus/app/code/core/Mage/Core/Model/Layout.php(472): Mage_Core_Model_Layout->createBlock('relatedslider/p...', 'magentothem_rel...')
#3 /Applications/mampstack-5.4.38-0/apache2/htdocs/ma_cygnus/app/code/core/Mage/Core/Model/Layout.php(239): Mage_Core_Model_Layout->addBlock('relatedslider/p...', 'magentothem_rel...')
#4 /Applications/mampstack-5.4.38-0/apache2/htdocs/ma_cygnus/app/code/core/Mage/Core/Model/Layout.php(205): Mage_Core_Model_Layout->_generateBlock(Object(Mage_Core_Model_Layout_Element), Object(Mage_Core_Model_Layout_Element))
#5 /Applications/mampstack-5.4.38-0/apache2/htdocs/ma_cygnus/app/code/core/Mage/Core/Model/Layout.php(210): Mage_Core_Model_Layout->generateBlocks(Object(Mage_Core_Model_Layout_Element))
#6 /Applications/mampstack-5.4.38-0/apache2/htdocs/ma_cygnus/app/code/core/Mage/Core/Controller/Varien/Action.php(344): Mage_Core_Model_Layout->generateBlocks()
#7 /Applications/mampstack-5.4.38-0/apache2/htdocs/ma_cygnus/app/code/core/Mage/Core/Controller/Varien/Action.php(269): Mage_Core_Controller_Varien_Action->generateLayoutBlocks()
#8 /Applications/mampstack-5.4.38-0/apache2/htdocs/ma_cygnus/app/code/core/Mage/Checkout/controllers/CartController.php(160): Mage_Core_Controller_Varien_Action->loadLayout()
#9 /Applications/mampstack-5.4.38-0/apache2/htdocs/ma_cygnus/app/code/core/Mage/Core/Controller/Varien/Action.php(418): Mage_Checkout_CartController->indexAction()
#10 /Applications/mampstack-5.4.38-0/apache2/htdocs/ma_cygnus/app/code/core/Mage/Core/Controller/Varien/Router/Standard.php(250): Mage_Core_Controller_Varien_Action->dispatch('index')
#11 /Applications/mampstack-5.4.38-0/apache2/htdocs/ma_cygnus/app/code/core/Mage/Core/Controller/Varien/Front.php(172): Mage_Core_Controller_Varien_Router_Standard->match(Object(Mage_Core_Controller_Request_Http))
#12 /Applications/mampstack-5.4.38-0/apache2/htdocs/ma_cygnus/app/code/core/Mage/Core/Model/App.php(354): Mage_Core_Controller_Varien_Front->dispatch()
#13 /Applications/mampstack-5.4.38-0/apache2/htdocs/ma_cygnus/app/Mage.php(684): Mage_Core_Model_App->run(Array)
#14 /Applications/mampstack-5.4.38-0/apache2/htdocs/ma_cygnus/index.php(87): Mage::run('', 'store')
#15 {main}
2015-04-28T13:57:49+00:00 ERR (3): 
exception 'Mage_Core_Exception' with message 'Invalid block type: Magentothem_Relatedslider_Block_Page_Html_Head' in /Applications/mampstack-5.4.38-0/apache2/htdocs/ma_cygnus/app/Mage.php:595
Stack trace:
#0 /Applications/mampstack-5.4.38-0/apache2/htdocs/ma_cygnus/app/code/core/Mage/Core/Model/Layout.php(495): Mage::throwException('Invalid block t...')
#1 /Applications/mampstack-5.4.38-0/apache2/htdocs/ma_cygnus/app/code/core/Mage/Core/Model/Layout.php(437): Mage_Core_Model_Layout->_getBlockInstance('relatedslider/p...', Array)
#2 /Applications/mampstack-5.4.38-0/apache2/htdocs/ma_cygnus/app/code/core/Mage/Core/Model/Layout.php(472): Mage_Core_Model_Layout->createBlock('relatedslider/p...', 'magentothem_rel...')
#3 /Applications/mampstack-5.4.38-0/apache2/htdocs/ma_cygnus/app/code/core/Mage/Core/Model/Layout.php(239): Mage_Core_Model_Layout->addBlock('relatedslider/p...', 'magentothem_rel...')
#4 /Applications/mampstack-5.4.38-0/apache2/htdocs/ma_cygnus/app/code/core/Mage/Core/Model/Layout.php(205): Mage_Core_Model_Layout->_generateBlock(Object(Mage_Core_Model_Layout_Element), Object(Mage_Core_Model_Layout_Element))
#5 /Applications/mampstack-5.4.38-0/apache2/htdocs/ma_cygnus/app/code/core/Mage/Core/Model/Layout.php(210): Mage_Core_Model_Layout->generateBlocks(Object(Mage_Core_Model_Layout_Element))
#6 /Applications/mampstack-5.4.38-0/apache2/htdocs/ma_cygnus/app/code/core/Mage/Core/Controller/Varien/Action.php(344): Mage_Core_Model_Layout->generateBlocks()
#7 /Applications/mampstack-5.4.38-0/apache2/htdocs/ma_cygnus/app/code/core/Mage/Core/Controller/Varien/Action.php(269): Mage_Core_Controller_Varien_Action->generateLayoutBlocks()
#8 /Applications/mampstack-5.4.38-0/apache2/htdocs/ma_cygnus/app/code/core/Mage/Checkout/controllers/CartController.php(160): Mage_Core_Controller_Varien_Action->loadLayout()
#9 /Applications/mampstack-5.4.38-0/apache2/htdocs/ma_cygnus/app/code/core/Mage/Core/Controller/Varien/Action.php(418): Mage_Checkout_CartController->indexAction()
#10 /Applications/mampstack-5.4.38-0/apache2/htdocs/ma_cygnus/app/code/core/Mage/Core/Controller/Varien/Router/Standard.php(250): Mage_Core_Controller_Varien_Action->dispatch('index')
#11 /Applications/mampstack-5.4.38-0/apache2/htdocs/ma_cygnus/app/code/core/Mage/Core/Controller/Varien/Front.php(172): Mage_Core_Controller_Varien_Router_Standard->match(Object(Mage_Core_Controller_Request_Http))
#12 /Applications/mampstack-5.4.38-0/apache2/htdocs/ma_cygnus/app/code/core/Mage/Core/Model/App.php(354): Mage_Core_Controller_Varien_Front->dispatch()
#13 /Applications/mampstack-5.4.38-0/apache2/htdocs/ma_cygnus/app/Mage.php(684): Mage_Core_Model_App->run(Array)
#14 /Applications/mampstack-5.4.38-0/apache2/htdocs/ma_cygnus/index.php(87): Mage::run('', 'store')
#15 {main}
2015-04-28T13:57:52+00:00 ERR (3): 
exception 'Mage_Core_Exception' with message 'Invalid block type: Magentothem_Relatedslider_Block_Page_Html_Head' in /Applications/mampstack-5.4.38-0/apache2/htdocs/ma_cygnus/app/Mage.php:595
Stack trace:
#0 /Applications/mampstack-5.4.38-0/apache2/htdocs/ma_cygnus/app/code/core/Mage/Core/Model/Layout.php(495): Mage::throwException('Invalid block t...')
#1 /Applications/mampstack-5.4.38-0/apache2/htdocs/ma_cygnus/app/code/core/Mage/Core/Model/Layout.php(437): Mage_Core_Model_Layout->_getBlockInstance('relatedslider/p...', Array)
#2 /Applications/mampstack-5.4.38-0/apache2/htdocs/ma_cygnus/app/code/core/Mage/Core/Model/Layout.php(472): Mage_Core_Model_Layout->createBlock('relatedslider/p...', 'magentothem_rel...')
#3 /Applications/mampstack-5.4.38-0/apache2/htdocs/ma_cygnus/app/code/core/Mage/Core/Model/Layout.php(239): Mage_Core_Model_Layout->addBlock('relatedslider/p...', 'magentothem_rel...')
#4 /Applications/mampstack-5.4.38-0/apache2/htdocs/ma_cygnus/app/code/core/Mage/Core/Model/Layout.php(205): Mage_Core_Model_Layout->_generateBlock(Object(Mage_Core_Model_Layout_Element), Object(Mage_Core_Model_Layout_Element))
#5 /Applications/mampstack-5.4.38-0/apache2/htdocs/ma_cygnus/app/code/core/Mage/Core/Model/Layout.php(210): Mage_Core_Model_Layout->generateBlocks(Object(Mage_Core_Model_Layout_Element))
#6 /Applications/mampstack-5.4.38-0/apache2/htdocs/ma_cygnus/app/code/core/Mage/Core/Controller/Varien/Action.php(344): Mage_Core_Model_Layout->generateBlocks()
#7 /Applications/mampstack-5.4.38-0/apache2/htdocs/ma_cygnus/app/code/core/Mage/Core/Controller/Varien/Action.php(269): Mage_Core_Controller_Varien_Action->generateLayoutBlocks()
#8 /Applications/mampstack-5.4.38-0/apache2/htdocs/ma_cygnus/app/code/core/Mage/Checkout/controllers/OnepageController.php(212): Mage_Core_Controller_Varien_Action->loadLayout()
#9 /Applications/mampstack-5.4.38-0/apache2/htdocs/ma_cygnus/app/code/core/Mage/Core/Controller/Varien/Action.php(418): Mage_Checkout_OnepageController->indexAction()
#10 /Applications/mampstack-5.4.38-0/apache2/htdocs/ma_cygnus/app/code/core/Mage/Core/Controller/Varien/Router/Standard.php(250): Mage_Core_Controller_Varien_Action->dispatch('index')
#11 /Applications/mampstack-5.4.38-0/apache2/htdocs/ma_cygnus/app/code/core/Mage/Core/Controller/Varien/Front.php(172): Mage_Core_Controller_Varien_Router_Standard->match(Object(Mage_Core_Controller_Request_Http))
#12 /Applications/mampstack-5.4.38-0/apache2/htdocs/ma_cygnus/app/code/core/Mage/Core/Model/App.php(354): Mage_Core_Controller_Varien_Front->dispatch()
#13 /Applications/mampstack-5.4.38-0/apache2/htdocs/ma_cygnus/app/Mage.php(684): Mage_Core_Model_App->run(Array)
#14 /Applications/mampstack-5.4.38-0/apache2/htdocs/ma_cygnus/index.php(87): Mage::run('', 'store')
#15 {main}
2015-04-28T14:04:30+00:00 ERR (3): 
exception 'Mage_Core_Exception' with message 'Invalid block type: Magentothem_Relatedslider_Block_Page_Html_Head' in /Applications/mampstack-5.4.38-0/apache2/htdocs/ma_cygnus/app/Mage.php:595
Stack trace:
#0 /Applications/mampstack-5.4.38-0/apache2/htdocs/ma_cygnus/app/code/core/Mage/Core/Model/Layout.php(495): Mage::throwException('Invalid block t...')
#1 /Applications/mampstack-5.4.38-0/apache2/htdocs/ma_cygnus/app/code/core/Mage/Core/Model/Layout.php(437): Mage_Core_Model_Layout->_getBlockInstance('relatedslider/p...', Array)
#2 /Applications/mampstack-5.4.38-0/apache2/htdocs/ma_cygnus/app/code/core/Mage/Core/Model/Layout.php(472): Mage_Core_Model_Layout->createBlock('relatedslider/p...', 'magentothem_rel...')
#3 /Applications/mampstack-5.4.38-0/apache2/htdocs/ma_cygnus/app/code/core/Mage/Core/Model/Layout.php(239): Mage_Core_Model_Layout->addBlock('relatedslider/p...', 'magentothem_rel...')
#4 /Applications/mampstack-5.4.38-0/apache2/htdocs/ma_cygnus/app/code/core/Mage/Core/Model/Layout.php(205): Mage_Core_Model_Layout->_generateBlock(Object(Mage_Core_Model_Layout_Element), Object(Mage_Core_Model_Layout_Element))
#5 /Applications/mampstack-5.4.38-0/apache2/htdocs/ma_cygnus/app/code/core/Mage/Core/Model/Layout.php(210): Mage_Core_Model_Layout->generateBlocks(Object(Mage_Core_Model_Layout_Element))
#6 /Applications/mampstack-5.4.38-0/apache2/htdocs/ma_cygnus/app/code/core/Mage/Core/Controller/Varien/Action.php(344): Mage_Core_Model_Layout->generateBlocks()
#7 /Applications/mampstack-5.4.38-0/apache2/htdocs/ma_cygnus/app/code/core/Mage/Cms/Helper/Page.php(113): Mage_Core_Controller_Varien_Action->generateLayoutBlocks()
#8 /Applications/mampstack-5.4.38-0/apache2/htdocs/ma_cygnus/app/code/core/Mage/Cms/Helper/Page.php(52): Mage_Cms_Helper_Page->_renderPage(Object(Mage_Cms_IndexController), 'home')
#9 /Applications/mampstack-5.4.38-0/apache2/htdocs/ma_cygnus/app/code/core/Mage/Cms/controllers/IndexController.php(45): Mage_Cms_Helper_Page->renderPage(Object(Mage_Cms_IndexController), 'home')
#10 /Applications/mampstack-5.4.38-0/apache2/htdocs/ma_cygnus/app/code/core/Mage/Core/Controller/Varien/Action.php(418): Mage_Cms_IndexController->indexAction()
#11 /Applications/mampstack-5.4.38-0/apache2/htdocs/ma_cygnus/app/code/core/Mage/Core/Controller/Varien/Router/Standard.php(250): Mage_Core_Controller_Varien_Action->dispatch('index')
#12 /Applications/mampstack-5.4.38-0/apache2/htdocs/ma_cygnus/app/code/core/Mage/Core/Controller/Varien/Front.php(172): Mage_Core_Controller_Varien_Router_Standard->match(Object(Mage_Core_Controller_Request_Http))
#13 /Applications/mampstack-5.4.38-0/apache2/htdocs/ma_cygnus/app/code/core/Mage/Core/Model/App.php(354): Mage_Core_Controller_Varien_Front->dispatch()
#14 /Applications/mampstack-5.4.38-0/apache2/htdocs/ma_cygnus/app/Mage.php(684): Mage_Core_Model_App->run(Array)
#15 /Applications/mampstack-5.4.38-0/apache2/htdocs/ma_cygnus/index.php(87): Mage::run('', 'store')
#16 {main}
2015-04-28T14:04:33+00:00 ERR (3): 
exception 'Mage_Core_Exception' with message 'Invalid block type: Magentothem_Relatedslider_Block_Page_Html_Head' in /Applications/mampstack-5.4.38-0/apache2/htdocs/ma_cygnus/app/Mage.php:595
Stack trace:
#0 /Applications/mampstack-5.4.38-0/apache2/htdocs/ma_cygnus/app/code/core/Mage/Core/Model/Layout.php(495): Mage::throwException('Invalid block t...')
#1 /Applications/mampstack-5.4.38-0/apache2/htdocs/ma_cygnus/app/code/core/Mage/Core/Model/Layout.php(437): Mage_Core_Model_Layout->_getBlockInstance('relatedslider/p...', Array)
#2 /Applications/mampstack-5.4.38-0/apache2/htdocs/ma_cygnus/app/code/core/Mage/Core/Model/Layout.php(472): Mage_Core_Model_Layout->createBlock('relatedslider/p...', 'magentothem_rel...')
#3 /Applications/mampstack-5.4.38-0/apache2/htdocs/ma_cygnus/app/code/core/Mage/Core/Model/Layout.php(239): Mage_Core_Model_Layout->addBlock('relatedslider/p...', 'magentothem_rel...')
#4 /Applications/mampstack-5.4.38-0/apache2/htdocs/ma_cygnus/app/code/core/Mage/Core/Model/Layout.php(205): Mage_Core_Model_Layout->_generateBlock(Object(Mage_Core_Model_Layout_Element), Object(Mage_Core_Model_Layout_Element))
#5 /Applications/mampstack-5.4.38-0/apache2/htdocs/ma_cygnus/app/code/core/Mage/Core/Model/Layout.php(210): Mage_Core_Model_Layout->generateBlocks(Object(Mage_Core_Model_Layout_Element))
#6 /Applications/mampstack-5.4.38-0/apache2/htdocs/ma_cygnus/app/code/core/Mage/Core/Controller/Varien/Action.php(344): Mage_Core_Model_Layout->generateBlocks()
#7 /Applications/mampstack-5.4.38-0/apache2/htdocs/ma_cygnus/app/code/core/Mage/Cms/Helper/Page.php(113): Mage_Core_Controller_Varien_Action->generateLayoutBlocks()
#8 /Applications/mampstack-5.4.38-0/apache2/htdocs/ma_cygnus/app/code/core/Mage/Cms/Helper/Page.php(52): Mage_Cms_Helper_Page->_renderPage(Object(Mage_Cms_IndexController), 'no-route')
#9 /Applications/mampstack-5.4.38-0/apache2/htdocs/ma_cygnus/app/code/core/Mage/Cms/controllers/IndexController.php(75): Mage_Cms_Helper_Page->renderPage(Object(Mage_Cms_IndexController), 'no-route')
#10 /Applications/mampstack-5.4.38-0/apache2/htdocs/ma_cygnus/app/code/core/Mage/Core/Controller/Varien/Action.php(418): Mage_Cms_IndexController->noRouteAction()
#11 /Applications/mampstack-5.4.38-0/apache2/htdocs/ma_cygnus/app/code/core/Mage/Core/Controller/Varien/Router/Standard.php(250): Mage_Core_Controller_Varien_Action->dispatch('noRoute')
#12 /Applications/mampstack-5.4.38-0/apache2/htdocs/ma_cygnus/app/code/core/Mage/Core/Controller/Varien/Front.php(172): Mage_Core_Controller_Varien_Router_Standard->match(Object(Mage_Core_Controller_Request_Http))
#13 /Applications/mampstack-5.4.38-0/apache2/htdocs/ma_cygnus/app/code/core/Mage/Core/Model/App.php(354): Mage_Core_Controller_Varien_Front->dispatch()
#14 /Applications/mampstack-5.4.38-0/apache2/htdocs/ma_cygnus/app/Mage.php(684): Mage_Core_Model_App->run(Array)
#15 /Applications/mampstack-5.4.38-0/apache2/htdocs/ma_cygnus/index.php(87): Mage::run('', 'store')
#16 {main}
2015-04-28T14:04:34+00:00 ERR (3): 
exception 'Mage_Core_Exception' with message 'Invalid block type: Magentothem_Relatedslider_Block_Page_Html_Head' in /Applications/mampstack-5.4.38-0/apache2/htdocs/ma_cygnus/app/Mage.php:595
Stack trace:
#0 /Applications/mampstack-5.4.38-0/apache2/htdocs/ma_cygnus/app/code/core/Mage/Core/Model/Layout.php(495): Mage::throwException('Invalid block t...')
#1 /Applications/mampstack-5.4.38-0/apache2/htdocs/ma_cygnus/app/code/core/Mage/Core/Model/Layout.php(437): Mage_Core_Model_Layout->_getBlockInstance('relatedslider/p...', Array)
#2 /Applications/mampstack-5.4.38-0/apache2/htdocs/ma_cygnus/app/code/core/Mage/Core/Model/Layout.php(472): Mage_Core_Model_Layout->createBlock('relatedslider/p...', 'magentothem_rel...')
#3 /Applications/mampstack-5.4.38-0/apache2/htdocs/ma_cygnus/app/code/core/Mage/Core/Model/Layout.php(239): Mage_Core_Model_Layout->addBlock('relatedslider/p...', 'magentothem_rel...')
#4 /Applications/mampstack-5.4.38-0/apache2/htdocs/ma_cygnus/app/code/core/Mage/Core/Model/Layout.php(205): Mage_Core_Model_Layout->_generateBlock(Object(Mage_Core_Model_Layout_Element), Object(Mage_Core_Model_Layout_Element))
#5 /Applications/mampstack-5.4.38-0/apache2/htdocs/ma_cygnus/app/code/core/Mage/Core/Model/Layout.php(210): Mage_Core_Model_Layout->generateBlocks(Object(Mage_Core_Model_Layout_Element))
#6 /Applications/mampstack-5.4.38-0/apache2/htdocs/ma_cygnus/app/code/core/Mage/Core/Controller/Varien/Action.php(344): Mage_Core_Model_Layout->generateBlocks()
#7 /Applications/mampstack-5.4.38-0/apache2/htdocs/ma_cygnus/app/code/core/Mage/Cms/Helper/Page.php(113): Mage_Core_Controller_Varien_Action->generateLayoutBlocks()
#8 /Applications/mampstack-5.4.38-0/apache2/htdocs/ma_cygnus/app/code/core/Mage/Cms/Helper/Page.php(52): Mage_Cms_Helper_Page->_renderPage(Object(Mage_Cms_IndexController), 'no-route')
#9 /Applications/mampstack-5.4.38-0/apache2/htdocs/ma_cygnus/app/code/core/Mage/Cms/controllers/IndexController.php(75): Mage_Cms_Helper_Page->renderPage(Object(Mage_Cms_IndexController), 'no-route')
#10 /Applications/mampstack-5.4.38-0/apache2/htdocs/ma_cygnus/app/code/core/Mage/Core/Controller/Varien/Action.php(418): Mage_Cms_IndexController->noRouteAction()
#11 /Applications/mampstack-5.4.38-0/apache2/htdocs/ma_cygnus/app/code/core/Mage/Core/Controller/Varien/Router/Standard.php(250): Mage_Core_Controller_Varien_Action->dispatch('noRoute')
#12 /Applications/mampstack-5.4.38-0/apache2/htdocs/ma_cygnus/app/code/core/Mage/Core/Controller/Varien/Front.php(172): Mage_Core_Controller_Varien_Router_Standard->match(Object(Mage_Core_Controller_Request_Http))
#13 /Applications/mampstack-5.4.38-0/apache2/htdocs/ma_cygnus/app/code/core/Mage/Core/Model/App.php(354): Mage_Core_Controller_Varien_Front->dispatch()
#14 /Applications/mampstack-5.4.38-0/apache2/htdocs/ma_cygnus/app/Mage.php(684): Mage_Core_Model_App->run(Array)
#15 /Applications/mampstack-5.4.38-0/apache2/htdocs/ma_cygnus/index.php(87): Mage::run('', 'store')
#16 {main}
2015-04-28T14:04:39+00:00 ERR (3): 
exception 'Mage_Core_Exception' with message 'Invalid block type: Magentothem_Relatedslider_Block_Page_Html_Head' in /Applications/mampstack-5.4.38-0/apache2/htdocs/ma_cygnus/app/Mage.php:595
Stack trace:
#0 /Applications/mampstack-5.4.38-0/apache2/htdocs/ma_cygnus/app/code/core/Mage/Core/Model/Layout.php(495): Mage::throwException('Invalid block t...')
#1 /Applications/mampstack-5.4.38-0/apache2/htdocs/ma_cygnus/app/code/core/Mage/Core/Model/Layout.php(437): Mage_Core_Model_Layout->_getBlockInstance('relatedslider/p...', Array)
#2 /Applications/mampstack-5.4.38-0/apache2/htdocs/ma_cygnus/app/code/core/Mage/Core/Model/Layout.php(472): Mage_Core_Model_Layout->createBlock('relatedslider/p...', 'magentothem_rel...')
#3 /Applications/mampstack-5.4.38-0/apache2/htdocs/ma_cygnus/app/code/core/Mage/Core/Model/Layout.php(239): Mage_Core_Model_Layout->addBlock('relatedslider/p...', 'magentothem_rel...')
#4 /Applications/mampstack-5.4.38-0/apache2/htdocs/ma_cygnus/app/code/core/Mage/Core/Model/Layout.php(205): Mage_Core_Model_Layout->_generateBlock(Object(Mage_Core_Model_Layout_Element), Object(Mage_Core_Model_Layout_Element))
#5 /Applications/mampstack-5.4.38-0/apache2/htdocs/ma_cygnus/app/code/core/Mage/Core/Model/Layout.php(210): Mage_Core_Model_Layout->generateBlocks(Object(Mage_Core_Model_Layout_Element))
#6 /Applications/mampstack-5.4.38-0/apache2/htdocs/ma_cygnus/app/code/core/Mage/Core/Controller/Varien/Action.php(344): Mage_Core_Model_Layout->generateBlocks()
#7 /Applications/mampstack-5.4.38-0/apache2/htdocs/ma_cygnus/app/code/core/Mage/Catalog/Helper/Product/View.php(73): Mage_Core_Controller_Varien_Action->generateLayoutBlocks()
#8 /Applications/mampstack-5.4.38-0/apache2/htdocs/ma_cygnus/app/code/core/Mage/Catalog/Helper/Product/View.php(144): Mage_Catalog_Helper_Product_View->initProductLayout(Object(Mage_Catalog_Model_Product), Object(Mage_Catalog_ProductController))
#9 /Applications/mampstack-5.4.38-0/apache2/htdocs/ma_cygnus/app/code/core/Mage/Catalog/controllers/ProductController.php(132): Mage_Catalog_Helper_Product_View->prepareAndRender(2, Object(Mage_Catalog_ProductController), Object(Varien_Object))
#10 /Applications/mampstack-5.4.38-0/apache2/htdocs/ma_cygnus/app/code/core/Mage/Core/Controller/Varien/Action.php(418): Mage_Catalog_ProductController->viewAction()
#11 /Applications/mampstack-5.4.38-0/apache2/htdocs/ma_cygnus/app/code/core/Mage/Core/Controller/Varien/Router/Standard.php(250): Mage_Core_Controller_Varien_Action->dispatch('view')
#12 /Applications/mampstack-5.4.38-0/apache2/htdocs/ma_cygnus/app/code/core/Mage/Core/Controller/Varien/Front.php(172): Mage_Core_Controller_Varien_Router_Standard->match(Object(Mage_Core_Controller_Request_Http))
#13 /Applications/mampstack-5.4.38-0/apache2/htdocs/ma_cygnus/app/code/core/Mage/Core/Model/App.php(354): Mage_Core_Controller_Varien_Front->dispatch()
#14 /Applications/mampstack-5.4.38-0/apache2/htdocs/ma_cygnus/app/Mage.php(684): Mage_Core_Model_App->run(Array)
#15 /Applications/mampstack-5.4.38-0/apache2/htdocs/ma_cygnus/index.php(87): Mage::run('', 'store')
#16 {main}
2015-04-28T14:04:42+00:00 ERR (3): 
exception 'Mage_Core_Exception' with message 'Invalid block type: Magentothem_Relatedslider_Block_Page_Html_Head' in /Applications/mampstack-5.4.38-0/apache2/htdocs/ma_cygnus/app/Mage.php:595
Stack trace:
#0 /Applications/mampstack-5.4.38-0/apache2/htdocs/ma_cygnus/app/code/core/Mage/Core/Model/Layout.php(495): Mage::throwException('Invalid block t...')
#1 /Applications/mampstack-5.4.38-0/apache2/htdocs/ma_cygnus/app/code/core/Mage/Core/Model/Layout.php(437): Mage_Core_Model_Layout->_getBlockInstance('relatedslider/p...', Array)
#2 /Applications/mampstack-5.4.38-0/apache2/htdocs/ma_cygnus/app/code/core/Mage/Core/Model/Layout.php(472): Mage_Core_Model_Layout->createBlock('relatedslider/p...', 'magentothem_rel...')
#3 /Applications/mampstack-5.4.38-0/apache2/htdocs/ma_cygnus/app/code/core/Mage/Core/Model/Layout.php(239): Mage_Core_Model_Layout->addBlock('relatedslider/p...', 'magentothem_rel...')
#4 /Applications/mampstack-5.4.38-0/apache2/htdocs/ma_cygnus/app/code/core/Mage/Core/Model/Layout.php(205): Mage_Core_Model_Layout->_generateBlock(Object(Mage_Core_Model_Layout_Element), Object(Mage_Core_Model_Layout_Element))
#5 /Applications/mampstack-5.4.38-0/apache2/htdocs/ma_cygnus/app/code/core/Mage/Core/Model/Layout.php(210): Mage_Core_Model_Layout->generateBlocks(Object(Mage_Core_Model_Layout_Element))
#6 /Applications/mampstack-5.4.38-0/apache2/htdocs/ma_cygnus/app/code/core/Mage/Core/Controller/Varien/Action.php(344): Mage_Core_Model_Layout->generateBlocks()
#7 /Applications/mampstack-5.4.38-0/apache2/htdocs/ma_cygnus/app/code/core/Mage/Catalog/Helper/Product/View.php(73): Mage_Core_Controller_Varien_Action->generateLayoutBlocks()
#8 /Applications/mampstack-5.4.38-0/apache2/htdocs/ma_cygnus/app/code/core/Mage/Catalog/Helper/Product/View.php(144): Mage_Catalog_Helper_Product_View->initProductLayout(Object(Mage_Catalog_Model_Product), Object(Mage_Catalog_ProductController))
#9 /Applications/mampstack-5.4.38-0/apache2/htdocs/ma_cygnus/app/code/core/Mage/Catalog/controllers/ProductController.php(132): Mage_Catalog_Helper_Product_View->prepareAndRender(2, Object(Mage_Catalog_ProductController), Object(Varien_Object))
#10 /Applications/mampstack-5.4.38-0/apache2/htdocs/ma_cygnus/app/code/core/Mage/Core/Controller/Varien/Action.php(418): Mage_Catalog_ProductController->viewAction()
#11 /Applications/mampstack-5.4.38-0/apache2/htdocs/ma_cygnus/app/code/core/Mage/Core/Controller/Varien/Router/Standard.php(250): Mage_Core_Controller_Varien_Action->dispatch('view')
#12 /Applications/mampstack-5.4.38-0/apache2/htdocs/ma_cygnus/app/code/core/Mage/Core/Controller/Varien/Front.php(172): Mage_Core_Controller_Varien_Router_Standard->match(Object(Mage_Core_Controller_Request_Http))
#13 /Applications/mampstack-5.4.38-0/apache2/htdocs/ma_cygnus/app/code/core/Mage/Core/Model/App.php(354): Mage_Core_Controller_Varien_Front->dispatch()
#14 /Applications/mampstack-5.4.38-0/apache2/htdocs/ma_cygnus/app/Mage.php(684): Mage_Core_Model_App->run(Array)
#15 /Applications/mampstack-5.4.38-0/apache2/htdocs/ma_cygnus/index.php(87): Mage::run('', 'store')
#16 {main}
2015-04-28T14:04:52+00:00 ERR (3): 
exception 'Mage_Core_Exception' with message 'Invalid block type: Magentothem_Relatedslider_Block_Page_Html_Head' in /Applications/mampstack-5.4.38-0/apache2/htdocs/ma_cygnus/app/Mage.php:595
Stack trace:
#0 /Applications/mampstack-5.4.38-0/apache2/htdocs/ma_cygnus/app/code/core/Mage/Core/Model/Layout.php(495): Mage::throwException('Invalid block t...')
#1 /Applications/mampstack-5.4.38-0/apache2/htdocs/ma_cygnus/app/code/core/Mage/Core/Model/Layout.php(437): Mage_Core_Model_Layout->_getBlockInstance('relatedslider/p...', Array)
#2 /Applications/mampstack-5.4.38-0/apache2/htdocs/ma_cygnus/app/code/core/Mage/Core/Model/Layout.php(472): Mage_Core_Model_Layout->createBlock('relatedslider/p...', 'magentothem_rel...')
#3 /Applications/mampstack-5.4.38-0/apache2/htdocs/ma_cygnus/app/code/core/Mage/Core/Model/Layout.php(239): Mage_Core_Model_Layout->addBlock('relatedslider/p...', 'magentothem_rel...')
#4 /Applications/mampstack-5.4.38-0/apache2/htdocs/ma_cygnus/app/code/core/Mage/Core/Model/Layout.php(205): Mage_Core_Model_Layout->_generateBlock(Object(Mage_Core_Model_Layout_Element), Object(Mage_Core_Model_Layout_Element))
#5 /Applications/mampstack-5.4.38-0/apache2/htdocs/ma_cygnus/app/code/core/Mage/Core/Model/Layout.php(210): Mage_Core_Model_Layout->generateBlocks(Object(Mage_Core_Model_Layout_Element))
#6 /Applications/mampstack-5.4.38-0/apache2/htdocs/ma_cygnus/app/code/core/Mage/Core/Controller/Varien/Action.php(344): Mage_Core_Model_Layout->generateBlocks()
#7 /Applications/mampstack-5.4.38-0/apache2/htdocs/ma_cygnus/app/code/core/Mage/Core/Controller/Varien/Action.php(269): Mage_Core_Controller_Varien_Action->generateLayoutBlocks()
#8 /Applications/mampstack-5.4.38-0/apache2/htdocs/ma_cygnus/app/code/local/Magentothem/Ajaxcartsuper/controllers/AjaxcartController.php(63): Mage_Core_Controller_Varien_Action->loadLayout()
#9 /Applications/mampstack-5.4.38-0/apache2/htdocs/ma_cygnus/app/code/core/Mage/Core/Controller/Varien/Action.php(418): Magentothem_Ajaxcartsuper_AjaxcartController->addAction()
#10 /Applications/mampstack-5.4.38-0/apache2/htdocs/ma_cygnus/app/code/core/Mage/Core/Controller/Varien/Router/Standard.php(250): Mage_Core_Controller_Varien_Action->dispatch('add')
#11 /Applications/mampstack-5.4.38-0/apache2/htdocs/ma_cygnus/app/code/core/Mage/Core/Controller/Varien/Front.php(172): Mage_Core_Controller_Varien_Router_Standard->match(Object(Mage_Core_Controller_Request_Http))
#12 /Applications/mampstack-5.4.38-0/apache2/htdocs/ma_cygnus/app/code/core/Mage/Core/Model/App.php(354): Mage_Core_Controller_Varien_Front->dispatch()
#13 /Applications/mampstack-5.4.38-0/apache2/htdocs/ma_cygnus/app/Mage.php(684): Mage_Core_Model_App->run(Array)
#14 /Applications/mampstack-5.4.38-0/apache2/htdocs/ma_cygnus/index.php(87): Mage::run('', 'store')
#15 {main}
2015-04-28T14:05:01+00:00 ERR (3): 
exception 'Mage_Core_Exception' with message 'Invalid block type: Magentothem_Relatedslider_Block_Page_Html_Head' in /Applications/mampstack-5.4.38-0/apache2/htdocs/ma_cygnus/app/Mage.php:595
Stack trace:
#0 /Applications/mampstack-5.4.38-0/apache2/htdocs/ma_cygnus/app/code/core/Mage/Core/Model/Layout.php(495): Mage::throwException('Invalid block t...')
#1 /Applications/mampstack-5.4.38-0/apache2/htdocs/ma_cygnus/app/code/core/Mage/Core/Model/Layout.php(437): Mage_Core_Model_Layout->_getBlockInstance('relatedslider/p...', Array)
#2 /Applications/mampstack-5.4.38-0/apache2/htdocs/ma_cygnus/app/code/core/Mage/Core/Model/Layout.php(472): Mage_Core_Model_Layout->createBlock('relatedslider/p...', 'magentothem_rel...')
#3 /Applications/mampstack-5.4.38-0/apache2/htdocs/ma_cygnus/app/code/core/Mage/Core/Model/Layout.php(239): Mage_Core_Model_Layout->addBlock('relatedslider/p...', 'magentothem_rel...')
#4 /Applications/mampstack-5.4.38-0/apache2/htdocs/ma_cygnus/app/code/core/Mage/Core/Model/Layout.php(205): Mage_Core_Model_Layout->_generateBlock(Object(Mage_Core_Model_Layout_Element), Object(Mage_Core_Model_Layout_Element))
#5 /Applications/mampstack-5.4.38-0/apache2/htdocs/ma_cygnus/app/code/core/Mage/Core/Model/Layout.php(210): Mage_Core_Model_Layout->generateBlocks(Object(Mage_Core_Model_Layout_Element))
#6 /Applications/mampstack-5.4.38-0/apache2/htdocs/ma_cygnus/app/code/core/Mage/Core/Controller/Varien/Action.php(344): Mage_Core_Model_Layout->generateBlocks()
#7 /Applications/mampstack-5.4.38-0/apache2/htdocs/ma_cygnus/app/code/core/Mage/Core/Controller/Varien/Action.php(269): Mage_Core_Controller_Varien_Action->generateLayoutBlocks()
#8 /Applications/mampstack-5.4.38-0/apache2/htdocs/ma_cygnus/app/code/core/Mage/Checkout/controllers/CartController.php(160): Mage_Core_Controller_Varien_Action->loadLayout()
#9 /Applications/mampstack-5.4.38-0/apache2/htdocs/ma_cygnus/app/code/core/Mage/Core/Controller/Varien/Action.php(418): Mage_Checkout_CartController->indexAction()
#10 /Applications/mampstack-5.4.38-0/apache2/htdocs/ma_cygnus/app/code/core/Mage/Core/Controller/Varien/Router/Standard.php(250): Mage_Core_Controller_Varien_Action->dispatch('index')
#11 /Applications/mampstack-5.4.38-0/apache2/htdocs/ma_cygnus/app/code/core/Mage/Core/Controller/Varien/Front.php(172): Mage_Core_Controller_Varien_Router_Standard->match(Object(Mage_Core_Controller_Request_Http))
#12 /Applications/mampstack-5.4.38-0/apache2/htdocs/ma_cygnus/app/code/core/Mage/Core/Model/App.php(354): Mage_Core_Controller_Varien_Front->dispatch()
#13 /Applications/mampstack-5.4.38-0/apache2/htdocs/ma_cygnus/app/Mage.php(684): Mage_Core_Model_App->run(Array)
#14 /Applications/mampstack-5.4.38-0/apache2/htdocs/ma_cygnus/index.php(87): Mage::run('', 'store')
#15 {main}
