2015-05-10T12:12:04+00:00 DEBUG (7): Array
(
    [0] => Array
        (
            [views] => 365
            [entity_id] => 1
            [entity_type_id] => 4
            [attribute_set_id] => 4
            [type_id] => simple
            [sku] => 001
            [has_options] => 1
            [required_options] => 1
            [created_at] => 2012-08-24 09:31:42
            [updated_at] => 2014-01-26 14:30:02
            [price] => 170.0000
            [tax_class_id] => 0
            [final_price] => 170.0000
            [minimal_price] => 216.0000
            [min_price] => 216.0000
            [max_price] => 224.0000
            [tier_price] => 
            [cat_index_position] => 1
        )

    [1] => Array
        (
            [views] => 73
            [entity_id] => 12
            [entity_type_id] => 4
            [attribute_set_id] => 4
            [type_id] => simple
            [sku] => 012
            [has_options] => 0
            [required_options] => 0
            [created_at] => 2012-08-24 10:09:15
            [updated_at] => 2014-01-26 09:51:09
            [price] => 80.0000
            [tax_class_id] => 0
            [final_price] => 70.0000
            [minimal_price] => 70.0000
            [min_price] => 70.0000
            [max_price] => 70.0000
            [tier_price] => 
            [cat_index_position] => 1
        )

    [2] => Array
        (
            [views] => 28
            [entity_id] => 11
            [entity_type_id] => 4
            [attribute_set_id] => 4
            [type_id] => simple
            [sku] => 011
            [has_options] => 0
            [required_options] => 0
            [created_at] => 2012-08-24 10:07:48
            [updated_at] => 2014-01-26 09:50:23
            [price] => 80.0000
            [tax_class_id] => 0
            [final_price] => 70.0000
            [minimal_price] => 70.0000
            [min_price] => 70.0000
            [max_price] => 70.0000
            [tier_price] => 
            [cat_index_position] => 1
        )

    [3] => Array
        (
            [views] => 25
            [entity_id] => 4
            [entity_type_id] => 4
            [attribute_set_id] => 4
            [type_id] => simple
            [sku] => 004
            [has_options] => 0
            [required_options] => 0
            [created_at] => 2012-08-24 09:52:12
            [updated_at] => 2014-01-26 14:26:32
            [price] => 280.0000
            [tax_class_id] => 0
            [final_price] => 280.0000
            [minimal_price] => 280.0000
            [min_price] => 280.0000
            [max_price] => 280.0000
            [tier_price] => 
            [cat_index_position] => 1
        )

    [4] => Array
        (
            [views] => 20
            [entity_id] => 5
            [entity_type_id] => 4
            [attribute_set_id] => 4
            [type_id] => simple
            [sku] => 005
            [has_options] => 0
            [required_options] => 0
            [created_at] => 2012-08-24 09:55:55
            [updated_at] => 2014-01-26 14:25:19
            [price] => 100.0000
            [tax_class_id] => 0
            [final_price] => 100.0000
            [minimal_price] => 100.0000
            [min_price] => 100.0000
            [max_price] => 100.0000
            [tier_price] => 
            [cat_index_position] => 1
        )

    [5] => Array
        (
            [views] => 17
            [entity_id] => 2
            [entity_type_id] => 4
            [attribute_set_id] => 4
            [type_id] => simple
            [sku] => 002
            [has_options] => 0
            [required_options] => 0
            [created_at] => 2012-08-24 09:40:22
            [updated_at] => 2014-01-26 14:27:48
            [price] => 800.0000
            [tax_class_id] => 0
            [final_price] => 800.0000
            [minimal_price] => 800.0000
            [min_price] => 800.0000
            [max_price] => 800.0000
            [tier_price] => 
            [cat_index_position] => 1
        )

)

2015-05-10T12:14:19+00:00 DEBUG (7): Array
(
    [0] => Array
        (
            [views] => 365
            [entity_id] => 1
            [entity_type_id] => 4
            [attribute_set_id] => 4
            [type_id] => simple
            [sku] => 001
            [has_options] => 1
            [required_options] => 1
            [created_at] => 2012-08-24 09:31:42
            [updated_at] => 2014-01-26 14:30:02
            [price] => 170.0000
            [tax_class_id] => 0
            [final_price] => 170.0000
            [minimal_price] => 216.0000
            [min_price] => 216.0000
            [max_price] => 224.0000
            [tier_price] => 
            [cat_index_position] => 1
        )

    [1] => Array
        (
            [views] => 73
            [entity_id] => 12
            [entity_type_id] => 4
            [attribute_set_id] => 4
            [type_id] => simple
            [sku] => 012
            [has_options] => 0
            [required_options] => 0
            [created_at] => 2012-08-24 10:09:15
            [updated_at] => 2014-01-26 09:51:09
            [price] => 80.0000
            [tax_class_id] => 0
            [final_price] => 70.0000
            [minimal_price] => 70.0000
            [min_price] => 70.0000
            [max_price] => 70.0000
            [tier_price] => 
            [cat_index_position] => 1
        )

    [2] => Array
        (
            [views] => 28
            [entity_id] => 11
            [entity_type_id] => 4
            [attribute_set_id] => 4
            [type_id] => simple
            [sku] => 011
            [has_options] => 0
            [required_options] => 0
            [created_at] => 2012-08-24 10:07:48
            [updated_at] => 2014-01-26 09:50:23
            [price] => 80.0000
            [tax_class_id] => 0
            [final_price] => 70.0000
            [minimal_price] => 70.0000
            [min_price] => 70.0000
            [max_price] => 70.0000
            [tier_price] => 
            [cat_index_position] => 1
        )

    [3] => Array
        (
            [views] => 25
            [entity_id] => 4
            [entity_type_id] => 4
            [attribute_set_id] => 4
            [type_id] => simple
            [sku] => 004
            [has_options] => 0
            [required_options] => 0
            [created_at] => 2012-08-24 09:52:12
            [updated_at] => 2014-01-26 14:26:32
            [price] => 280.0000
            [tax_class_id] => 0
            [final_price] => 280.0000
            [minimal_price] => 280.0000
            [min_price] => 280.0000
            [max_price] => 280.0000
            [tier_price] => 
            [cat_index_position] => 1
        )

    [4] => Array
        (
            [views] => 20
            [entity_id] => 5
            [entity_type_id] => 4
            [attribute_set_id] => 4
            [type_id] => simple
            [sku] => 005
            [has_options] => 0
            [required_options] => 0
            [created_at] => 2012-08-24 09:55:55
            [updated_at] => 2014-01-26 14:25:19
            [price] => 100.0000
            [tax_class_id] => 0
            [final_price] => 100.0000
            [minimal_price] => 100.0000
            [min_price] => 100.0000
            [max_price] => 100.0000
            [tier_price] => 
            [cat_index_position] => 1
        )

    [5] => Array
        (
            [views] => 17
            [entity_id] => 2
            [entity_type_id] => 4
            [attribute_set_id] => 4
            [type_id] => simple
            [sku] => 002
            [has_options] => 0
            [required_options] => 0
            [created_at] => 2012-08-24 09:40:22
            [updated_at] => 2014-01-26 14:27:48
            [price] => 800.0000
            [tax_class_id] => 0
            [final_price] => 800.0000
            [minimal_price] => 800.0000
            [min_price] => 800.0000
            [max_price] => 800.0000
            [tier_price] => 
            [cat_index_position] => 1
        )

)

2015-05-10T12:14:51+00:00 DEBUG (7): Array
(
    [0] => Array
        (
            [views] => 365
            [entity_id] => 1
            [entity_type_id] => 4
            [attribute_set_id] => 4
            [type_id] => simple
            [sku] => 001
            [has_options] => 1
            [required_options] => 1
            [created_at] => 2012-08-24 09:31:42
            [updated_at] => 2014-01-26 14:30:02
            [price] => 170.0000
            [tax_class_id] => 0
            [final_price] => 170.0000
            [minimal_price] => 216.0000
            [min_price] => 216.0000
            [max_price] => 224.0000
            [tier_price] => 
            [cat_index_position] => 1
        )

    [1] => Array
        (
            [views] => 73
            [entity_id] => 12
            [entity_type_id] => 4
            [attribute_set_id] => 4
            [type_id] => simple
            [sku] => 012
            [has_options] => 0
            [required_options] => 0
            [created_at] => 2012-08-24 10:09:15
            [updated_at] => 2014-01-26 09:51:09
            [price] => 80.0000
            [tax_class_id] => 0
            [final_price] => 70.0000
            [minimal_price] => 70.0000
            [min_price] => 70.0000
            [max_price] => 70.0000
            [tier_price] => 
            [cat_index_position] => 1
        )

    [2] => Array
        (
            [views] => 28
            [entity_id] => 11
            [entity_type_id] => 4
            [attribute_set_id] => 4
            [type_id] => simple
            [sku] => 011
            [has_options] => 0
            [required_options] => 0
            [created_at] => 2012-08-24 10:07:48
            [updated_at] => 2014-01-26 09:50:23
            [price] => 80.0000
            [tax_class_id] => 0
            [final_price] => 70.0000
            [minimal_price] => 70.0000
            [min_price] => 70.0000
            [max_price] => 70.0000
            [tier_price] => 
            [cat_index_position] => 1
        )

    [3] => Array
        (
            [views] => 25
            [entity_id] => 4
            [entity_type_id] => 4
            [attribute_set_id] => 4
            [type_id] => simple
            [sku] => 004
            [has_options] => 0
            [required_options] => 0
            [created_at] => 2012-08-24 09:52:12
            [updated_at] => 2014-01-26 14:26:32
            [price] => 280.0000
            [tax_class_id] => 0
            [final_price] => 280.0000
            [minimal_price] => 280.0000
            [min_price] => 280.0000
            [max_price] => 280.0000
            [tier_price] => 
            [cat_index_position] => 1
        )

    [4] => Array
        (
            [views] => 20
            [entity_id] => 5
            [entity_type_id] => 4
            [attribute_set_id] => 4
            [type_id] => simple
            [sku] => 005
            [has_options] => 0
            [required_options] => 0
            [created_at] => 2012-08-24 09:55:55
            [updated_at] => 2014-01-26 14:25:19
            [price] => 100.0000
            [tax_class_id] => 0
            [final_price] => 100.0000
            [minimal_price] => 100.0000
            [min_price] => 100.0000
            [max_price] => 100.0000
            [tier_price] => 
            [cat_index_position] => 1
        )

    [5] => Array
        (
            [views] => 17
            [entity_id] => 2
            [entity_type_id] => 4
            [attribute_set_id] => 4
            [type_id] => simple
            [sku] => 002
            [has_options] => 0
            [required_options] => 0
            [created_at] => 2012-08-24 09:40:22
            [updated_at] => 2014-01-26 14:27:48
            [price] => 800.0000
            [tax_class_id] => 0
            [final_price] => 800.0000
            [minimal_price] => 800.0000
            [min_price] => 800.0000
            [max_price] => 800.0000
            [tier_price] => 
            [cat_index_position] => 1
        )

)

2015-05-10T12:15:44+00:00 DEBUG (7): Array
(
    [0] => Array
        (
            [views] => 366
            [entity_id] => 1
            [entity_type_id] => 4
            [attribute_set_id] => 4
            [type_id] => simple
            [sku] => 001
            [has_options] => 1
            [required_options] => 1
            [created_at] => 2012-08-24 09:31:42
            [updated_at] => 2014-01-26 14:30:02
            [price] => 170.0000
            [tax_class_id] => 0
            [final_price] => 170.0000
            [minimal_price] => 216.0000
            [min_price] => 216.0000
            [max_price] => 224.0000
            [tier_price] => 
            [cat_index_position] => 1
        )

    [1] => Array
        (
            [views] => 73
            [entity_id] => 12
            [entity_type_id] => 4
            [attribute_set_id] => 4
            [type_id] => simple
            [sku] => 012
            [has_options] => 0
            [required_options] => 0
            [created_at] => 2012-08-24 10:09:15
            [updated_at] => 2014-01-26 09:51:09
            [price] => 80.0000
            [tax_class_id] => 0
            [final_price] => 70.0000
            [minimal_price] => 70.0000
            [min_price] => 70.0000
            [max_price] => 70.0000
            [tier_price] => 
            [cat_index_position] => 1
        )

    [2] => Array
        (
            [views] => 28
            [entity_id] => 11
            [entity_type_id] => 4
            [attribute_set_id] => 4
            [type_id] => simple
            [sku] => 011
            [has_options] => 0
            [required_options] => 0
            [created_at] => 2012-08-24 10:07:48
            [updated_at] => 2014-01-26 09:50:23
            [price] => 80.0000
            [tax_class_id] => 0
            [final_price] => 70.0000
            [minimal_price] => 70.0000
            [min_price] => 70.0000
            [max_price] => 70.0000
            [tier_price] => 
            [cat_index_position] => 1
        )

    [3] => Array
        (
            [views] => 25
            [entity_id] => 4
            [entity_type_id] => 4
            [attribute_set_id] => 4
            [type_id] => simple
            [sku] => 004
            [has_options] => 0
            [required_options] => 0
            [created_at] => 2012-08-24 09:52:12
            [updated_at] => 2014-01-26 14:26:32
            [price] => 280.0000
            [tax_class_id] => 0
            [final_price] => 280.0000
            [minimal_price] => 280.0000
            [min_price] => 280.0000
            [max_price] => 280.0000
            [tier_price] => 
            [cat_index_position] => 1
        )

    [4] => Array
        (
            [views] => 20
            [entity_id] => 5
            [entity_type_id] => 4
            [attribute_set_id] => 4
            [type_id] => simple
            [sku] => 005
            [has_options] => 0
            [required_options] => 0
            [created_at] => 2012-08-24 09:55:55
            [updated_at] => 2014-01-26 14:25:19
            [price] => 100.0000
            [tax_class_id] => 0
            [final_price] => 100.0000
            [minimal_price] => 100.0000
            [min_price] => 100.0000
            [max_price] => 100.0000
            [tier_price] => 
            [cat_index_position] => 1
        )

    [5] => Array
        (
            [views] => 17
            [entity_id] => 2
            [entity_type_id] => 4
            [attribute_set_id] => 4
            [type_id] => simple
            [sku] => 002
            [has_options] => 0
            [required_options] => 0
            [created_at] => 2012-08-24 09:40:22
            [updated_at] => 2014-01-26 14:27:48
            [price] => 800.0000
            [tax_class_id] => 0
            [final_price] => 800.0000
            [minimal_price] => 800.0000
            [min_price] => 800.0000
            [max_price] => 800.0000
            [tier_price] => 
            [cat_index_position] => 1
        )

)

2015-05-11T11:15:44+00:00 DEBUG (7): Array
(
    [0] => Array
        (
            [views] => 366
            [entity_id] => 1
            [entity_type_id] => 4
            [attribute_set_id] => 4
            [type_id] => simple
            [sku] => 001
            [has_options] => 1
            [required_options] => 1
            [created_at] => 2012-08-24 09:31:42
            [updated_at] => 2014-01-26 14:30:02
            [price] => 170.0000
            [tax_class_id] => 0
            [final_price] => 170.0000
            [minimal_price] => 216.0000
            [min_price] => 216.0000
            [max_price] => 224.0000
            [tier_price] => 
            [cat_index_position] => 1
        )

    [1] => Array
        (
            [views] => 73
            [entity_id] => 12
            [entity_type_id] => 4
            [attribute_set_id] => 4
            [type_id] => simple
            [sku] => 012
            [has_options] => 0
            [required_options] => 0
            [created_at] => 2012-08-24 10:09:15
            [updated_at] => 2014-01-26 09:51:09
            [price] => 80.0000
            [tax_class_id] => 0
            [final_price] => 70.0000
            [minimal_price] => 70.0000
            [min_price] => 70.0000
            [max_price] => 70.0000
            [tier_price] => 
            [cat_index_position] => 1
        )

    [2] => Array
        (
            [views] => 28
            [entity_id] => 11
            [entity_type_id] => 4
            [attribute_set_id] => 4
            [type_id] => simple
            [sku] => 011
            [has_options] => 0
            [required_options] => 0
            [created_at] => 2012-08-24 10:07:48
            [updated_at] => 2014-01-26 09:50:23
            [price] => 80.0000
            [tax_class_id] => 0
            [final_price] => 70.0000
            [minimal_price] => 70.0000
            [min_price] => 70.0000
            [max_price] => 70.0000
            [tier_price] => 
            [cat_index_position] => 1
        )

    [3] => Array
        (
            [views] => 25
            [entity_id] => 4
            [entity_type_id] => 4
            [attribute_set_id] => 4
            [type_id] => simple
            [sku] => 004
            [has_options] => 0
            [required_options] => 0
            [created_at] => 2012-08-24 09:52:12
            [updated_at] => 2014-01-26 14:26:32
            [price] => 280.0000
            [tax_class_id] => 0
            [final_price] => 280.0000
            [minimal_price] => 280.0000
            [min_price] => 280.0000
            [max_price] => 280.0000
            [tier_price] => 
            [cat_index_position] => 1
        )

    [4] => Array
        (
            [views] => 20
            [entity_id] => 5
            [entity_type_id] => 4
            [attribute_set_id] => 4
            [type_id] => simple
            [sku] => 005
            [has_options] => 0
            [required_options] => 0
            [created_at] => 2012-08-24 09:55:55
            [updated_at] => 2014-01-26 14:25:19
            [price] => 100.0000
            [tax_class_id] => 0
            [final_price] => 100.0000
            [minimal_price] => 100.0000
            [min_price] => 100.0000
            [max_price] => 100.0000
            [tier_price] => 
            [cat_index_position] => 1
        )

    [5] => Array
        (
            [views] => 17
            [entity_id] => 2
            [entity_type_id] => 4
            [attribute_set_id] => 4
            [type_id] => simple
            [sku] => 002
            [has_options] => 0
            [required_options] => 0
            [created_at] => 2012-08-24 09:40:22
            [updated_at] => 2014-01-26 14:27:48
            [price] => 800.0000
            [tax_class_id] => 0
            [final_price] => 800.0000
            [minimal_price] => 800.0000
            [min_price] => 800.0000
            [max_price] => 800.0000
            [tier_price] => 
            [cat_index_position] => 1
        )

)

